<?xml version="1.0" encoding="UTF-8"?>
<testng-results ignored="0" total="1" passed="1" failed="0" skipped="0">
  <reporter-output>
  </reporter-output>
  <suite started-at="2024-02-26T20:36:16 IST" name="Suite" finished-at="2024-02-26T20:36:26 IST" duration-ms="9459">
    <groups>
    </groups>
    <test started-at="2024-02-26T20:36:16 IST" name="Test" finished-at="2024-02-26T20:36:26 IST" duration-ms="9459">
      <class name="com.ots.testcases.LoginTest">
        <test-method is-config="true" signature="setup()[pri:0, instance:com.ots.testcases.LoginTest@24ba9639]" started-at="2024-02-26T20:36:16 IST" name="setup" finished-at="2024-02-26T20:36:23 IST" duration-ms="6510" status="PASS">
          <reporter-output>
          </reporter-output>
        </test-method> <!-- setup -->
        <test-method signature="loginToApplicationWithValidCredentials(java.lang.String,java.lang.String)[pri:0, instance:com.ots.testcases.LoginTest@24ba9639]" started-at="2024-02-26T20:36:23 IST" name="loginToApplicationWithValidCredentials" data-provider="loginCredentialsExcel" finished-at="2024-02-26T20:36:25 IST" duration-ms="2470" status="PASS">
          <params>
            <param index="0">
              <value>
                <![CDATA[admin@email.com]]>
              </value>
            </param>
            <param index="1">
              <value>
                <![CDATA[admin@123]]>
              </value>
            </param>
          </params>
          <reporter-output>
          </reporter-output>
        </test-method> <!-- loginToApplicationWithValidCredentials -->
        <test-method is-config="true" signature="tearDown()[pri:0, instance:com.ots.testcases.LoginTest@24ba9639]" started-at="2024-02-26T20:36:25 IST" name="tearDown" finished-at="2024-02-26T20:36:26 IST" duration-ms="85" status="PASS">
          <reporter-output>
          </reporter-output>
        </test-method> <!-- tearDown -->
      </class> <!-- com.ots.testcases.LoginTest -->
    </test> <!-- Test -->
  </suite> <!-- Suite -->
</testng-results>
